0 info it worked if it ends with ok
1 verbose cli [ '/usr/local/bin/node', '/usr/local/bin/npm', 'install' ]
2 info using npm@3.3.12
3 info using node@v5.4.1
4 silly loadCurrentTree Starting
5 silly install loadCurrentTree
6 silly install readLocalPackageData
7 silly install normalizeTree
8 silly loadCurrentTree Finishing
9 silly loadIdealTree Starting
10 silly install loadIdealTree
11 silly cloneCurrentTree Starting
12 silly install cloneCurrentTreeToIdealTree
13 silly cloneCurrentTree Finishing
14 silly loadShrinkwrap Starting
15 silly install loadShrinkwrap
16 silly loadShrinkwrap Finishing
17 silly loadAllDepsIntoIdealTree Starting
18 silly install loadAllDepsIntoIdealTree
19 silly fetchNamedPackageData fsevents
20 silly mapToRegistry name fsevents
21 silly mapToRegistry using default registry
22 silly mapToRegistry registry https://registry.npmjs.org/
23 silly mapToRegistry uri https://registry.npmjs.org/fsevents
24 verbose request uri https://registry.npmjs.org/fsevents
25 verbose request no auth needed
26 info attempt registry request try #1 at 2:30:25 PM
27 verbose request id edc43d44f3fb607f
28 verbose etag W/"581a78e1-bb66"
29 verbose lastModified Wed, 02 Nov 2016 23:38:09 GMT
30 http request GET https://registry.npmjs.org/fsevents
31 http 200 https://registry.npmjs.org/fsevents
32 verbose headers { server: 'nginx/1.10.1',
32 verbose headers   'content-type': 'application/json',
32 verbose headers   'last-modified': 'Wed, 23 Nov 2016 05:40:05 GMT',
32 verbose headers   etag: 'W/"58352bb5-bb79"',
32 verbose headers   'content-encoding': 'gzip',
32 verbose headers   'cache-control': 'max-age=300',
32 verbose headers   'content-length': '6066',
32 verbose headers   'accept-ranges': 'bytes',
32 verbose headers   date: 'Fri, 02 Dec 2016 09:00:28 GMT',
32 verbose headers   via: '1.1 varnish',
32 verbose headers   age: '29',
32 verbose headers   connection: 'keep-alive',
32 verbose headers   'x-served-by': 'cache-sin6926-SIN',
32 verbose headers   'x-cache': 'HIT',
32 verbose headers   'x-cache-hits': '5',
32 verbose headers   'x-timer': 'S1480669228.200550,VS0,VE0',
32 verbose headers   vary: 'Accept-Encoding' }
33 silly get cb [ 200,
33 silly get   { server: 'nginx/1.10.1',
33 silly get     'content-type': 'application/json',
33 silly get     'last-modified': 'Wed, 23 Nov 2016 05:40:05 GMT',
33 silly get     etag: 'W/"58352bb5-bb79"',
33 silly get     'content-encoding': 'gzip',
33 silly get     'cache-control': 'max-age=300',
33 silly get     'content-length': '6066',
33 silly get     'accept-ranges': 'bytes',
33 silly get     date: 'Fri, 02 Dec 2016 09:00:28 GMT',
33 silly get     via: '1.1 varnish',
33 silly get     age: '29',
33 silly get     connection: 'keep-alive',
33 silly get     'x-served-by': 'cache-sin6926-SIN',
33 silly get     'x-cache': 'HIT',
33 silly get     'x-cache-hits': '5',
33 silly get     'x-timer': 'S1480669228.200550,VS0,VE0',
33 silly get     vary: 'Accept-Encoding' } ]
34 verbose get saving fsevents to /home/rs/.npm/registry.npmjs.org/fsevents/.cache.json
35 silly resolveWithNewModule fsevents@1.0.15 checking installable status
36 warn install Couldn't install optional dependency: Unsupported
37 verbose install Error: Unsupported
37 verbose install     at checkPlatform (/usr/local/lib/node_modules/npm/node_modules/npm-install-checks/index.js:46:14)
37 verbose install     at Array.<anonymous> (/usr/local/lib/node_modules/npm/node_modules/slide/lib/bind-actor.js:15:8)
37 verbose install     at LOOP (/usr/local/lib/node_modules/npm/node_modules/slide/lib/chain.js:15:14)
37 verbose install     at /usr/local/lib/node_modules/npm/node_modules/slide/lib/chain.js:18:7
37 verbose install     at checkEngine (/usr/local/lib/node_modules/npm/node_modules/npm-install-checks/index.js:25:10)
37 verbose install     at Array.<anonymous> (/usr/local/lib/node_modules/npm/node_modules/slide/lib/bind-actor.js:15:8)
37 verbose install     at LOOP (/usr/local/lib/node_modules/npm/node_modules/slide/lib/chain.js:15:14)
37 verbose install     at chain (/usr/local/lib/node_modules/npm/node_modules/slide/lib/chain.js:20:5)
37 verbose install     at module.exports.isInstallable (/usr/local/lib/node_modules/npm/lib/install/validate-args.js:26:3)
37 verbose install     at resolveWithNewModule (/usr/local/lib/node_modules/npm/lib/install/deps.js:452:12)
38 silly loadAllDepsIntoIdealTree Finishing
39 silly idealTree:prePrune formulabook
39 silly idealTree:prePrune +-- @angular/common@2.1.1
39 silly idealTree:prePrune +-- @angular/compiler-cli@2.1.1
39 silly idealTree:prePrune +-- @angular/compiler@2.1.1
39 silly idealTree:prePrune +-- @angular/core@2.1.1
39 silly idealTree:prePrune +-- @angular/forms@2.1.1
39 silly idealTree:prePrune +-- @angular/http@2.1.1
39 silly idealTree:prePrune +-- @angular/platform-browser-dynamic@2.1.1
39 silly idealTree:prePrune +-- @angular/platform-browser@2.1.1
39 silly idealTree:prePrune +-- @angular/platform-server@2.1.1
39 silly idealTree:prePrune +-- @angular/tsc-wrapped@0.3.0
39 silly idealTree:prePrune +-- @ionic/app-scripts@0.0.45
39 silly idealTree:prePrune +-- @ionic/storage@1.1.6
39 silly idealTree:prePrune +-- @types/localforage@0.0.30
39 silly idealTree:prePrune +-- abbrev@1.0.9
39 silly idealTree:prePrune +-- accepts@1.3.3
39 silly idealTree:prePrune +-- acorn@1.2.2
39 silly idealTree:prePrune +-- ajv-keywords@1.1.1
39 silly idealTree:prePrune +-- ajv@4.9.0
39 silly idealTree:prePrune +-- align-text@0.1.4
39 silly idealTree:prePrune +-- amdefine@1.0.1
39 silly idealTree:prePrune +-- ansi-regex@2.0.0
39 silly idealTree:prePrune +-- ansi-styles@2.2.1
39 silly idealTree:prePrune +-- anymatch@1.3.0
39 silly idealTree:prePrune +-- aproba@1.0.4
39 silly idealTree:prePrune +-- are-we-there-yet@1.1.2
39 silly idealTree:prePrune | +-- isarray@1.0.0
39 silly idealTree:prePrune | `-- readable-stream@2.2.2
39 silly idealTree:prePrune +-- arr-diff@2.0.0
39 silly idealTree:prePrune +-- arr-flatten@1.0.1
39 silly idealTree:prePrune +-- array-find-index@1.0.2
39 silly idealTree:prePrune +-- array-flatten@1.1.1
39 silly idealTree:prePrune +-- array-index@1.0.0
39 silly idealTree:prePrune +-- array-unique@0.2.1
39 silly idealTree:prePrune +-- arrify@1.0.1
39 silly idealTree:prePrune +-- asn1.js@4.9.0
39 silly idealTree:prePrune +-- asn1@0.2.3
39 silly idealTree:prePrune +-- assert-plus@0.2.0
39 silly idealTree:prePrune +-- assert@1.4.1
39 silly idealTree:prePrune +-- ast-types@0.8.15
39 silly idealTree:prePrune +-- async-each@1.0.1
39 silly idealTree:prePrune +-- async-foreach@0.1.3
39 silly idealTree:prePrune +-- async@0.2.10
39 silly idealTree:prePrune +-- asynckit@0.4.0
39 silly idealTree:prePrune +-- autoprefixer@6.4.1
39 silly idealTree:prePrune +-- aws-sign2@0.6.0
39 silly idealTree:prePrune +-- aws4@1.5.0
39 silly idealTree:prePrune +-- balanced-match@0.4.2
39 silly idealTree:prePrune +-- base62@0.1.1
39 silly idealTree:prePrune +-- base64-js@1.2.0
39 silly idealTree:prePrune +-- bcrypt-pbkdf@1.0.0
39 silly idealTree:prePrune +-- big.js@3.1.3
39 silly idealTree:prePrune +-- binary-extensions@1.7.0
39 silly idealTree:prePrune +-- block-stream@0.0.9
39 silly idealTree:prePrune +-- bn.js@4.11.6
39 silly idealTree:prePrune +-- body@5.1.0
39 silly idealTree:prePrune +-- boom@2.10.1
39 silly idealTree:prePrune +-- brace-expansion@1.1.6
39 silly idealTree:prePrune +-- braces@1.8.5
39 silly idealTree:prePrune +-- brorand@1.0.6
39 silly idealTree:prePrune +-- browser-resolve@1.11.2
39 silly idealTree:prePrune +-- browserify-aes@1.0.6
39 silly idealTree:prePrune +-- browserify-cipher@1.0.0
39 silly idealTree:prePrune +-- browserify-des@1.0.0
39 silly idealTree:prePrune +-- browserify-rsa@4.0.1
39 silly idealTree:prePrune +-- browserify-sign@4.0.0
39 silly idealTree:prePrune +-- browserify-zlib@0.1.4
39 silly idealTree:prePrune +-- browserslist@1.3.6
39 silly idealTree:prePrune +-- buffer-es6@4.9.3
39 silly idealTree:prePrune +-- buffer-shims@1.0.0
39 silly idealTree:prePrune +-- buffer-xor@1.0.3
39 silly idealTree:prePrune +-- buffer@4.9.1
39 silly idealTree:prePrune | `-- isarray@1.0.0
39 silly idealTree:prePrune +-- builtin-modules@1.1.1
39 silly idealTree:prePrune +-- builtin-status-codes@2.0.0
39 silly idealTree:prePrune +-- bytes@1.0.0
39 silly idealTree:prePrune +-- camelcase-keys@2.1.0
39 silly idealTree:prePrune +-- camelcase@2.1.1
39 silly idealTree:prePrune +-- caniuse-db@1.0.30000590
39 silly idealTree:prePrune +-- caseless@0.11.0
39 silly idealTree:prePrune +-- center-align@0.1.3
39 silly idealTree:prePrune +-- chalk@1.1.3
39 silly idealTree:prePrune | `-- supports-color@2.0.0
39 silly idealTree:prePrune +-- chokidar@1.6.1
39 silly idealTree:prePrune +-- cipher-base@1.0.3
39 silly idealTree:prePrune +-- clean-css@3.4.19
39 silly idealTree:prePrune +-- cliui@3.2.0
39 silly idealTree:prePrune +-- co@4.6.0
39 silly idealTree:prePrune +-- code-point-at@1.1.0
39 silly idealTree:prePrune +-- colors@1.1.2
39 silly idealTree:prePrune +-- combined-stream@1.0.5
39 silly idealTree:prePrune +-- commander@2.8.1
39 silly idealTree:prePrune +-- concat-map@0.0.1
39 silly idealTree:prePrune +-- console-browserify@1.1.0
39 silly idealTree:prePrune +-- console-control-strings@1.1.0
39 silly idealTree:prePrune +-- constants-browserify@1.0.0
39 silly idealTree:prePrune +-- content-disposition@0.5.1
39 silly idealTree:prePrune +-- content-type@1.0.2
39 silly idealTree:prePrune +-- continuable-cache@0.3.1
39 silly idealTree:prePrune +-- cookie-signature@1.0.6
39 silly idealTree:prePrune +-- cookie@0.3.1
39 silly idealTree:prePrune +-- core-util-is@1.0.2
39 silly idealTree:prePrune +-- create-ecdh@4.0.0
39 silly idealTree:prePrune +-- create-hash@1.1.2
39 silly idealTree:prePrune +-- create-hmac@1.1.4
39 silly idealTree:prePrune +-- cross-spawn@4.0.0
39 silly idealTree:prePrune +-- cryptiles@2.0.5
39 silly idealTree:prePrune +-- crypto-browserify@3.11.0
39 silly idealTree:prePrune +-- currently-unhandled@0.4.1
39 silly idealTree:prePrune +-- d@0.1.1
39 silly idealTree:prePrune +-- dashdash@1.14.1
39 silly idealTree:prePrune | `-- assert-plus@1.0.0
39 silly idealTree:prePrune +-- date-now@0.1.4
39 silly idealTree:prePrune +-- debug@2.2.0
39 silly idealTree:prePrune +-- decamelize@1.2.0
39 silly idealTree:prePrune +-- delayed-stream@1.0.0
39 silly idealTree:prePrune +-- delegates@1.0.0
39 silly idealTree:prePrune +-- depd@1.1.0
39 silly idealTree:prePrune +-- des.js@1.0.0
39 silly idealTree:prePrune +-- destroy@1.0.4
39 silly idealTree:prePrune +-- diff@2.2.3
39 silly idealTree:prePrune +-- diffie-hellman@5.0.2
39 silly idealTree:prePrune +-- doctrine@0.7.2
39 silly idealTree:prePrune +-- domain-browser@1.1.7
39 silly idealTree:prePrune +-- ecc-jsbn@0.1.1
39 silly idealTree:prePrune +-- ee-first@1.1.1
39 silly idealTree:prePrune +-- elliptic@6.3.2
39 silly idealTree:prePrune +-- emojis-list@2.1.0
39 silly idealTree:prePrune +-- encodeurl@1.0.1
39 silly idealTree:prePrune +-- enhanced-resolve@2.3.0
39 silly idealTree:prePrune +-- errno@0.1.4
39 silly idealTree:prePrune +-- error-ex@1.3.0
39 silly idealTree:prePrune +-- error@7.0.2
39 silly idealTree:prePrune +-- es3ify@0.1.4
39 silly idealTree:prePrune +-- es5-ext@0.10.12
39 silly idealTree:prePrune +-- es6-iterator@2.0.0
39 silly idealTree:prePrune +-- es6-symbol@3.1.0
39 silly idealTree:prePrune +-- escape-html@1.0.3
39 silly idealTree:prePrune +-- escape-string-regexp@1.0.5
39 silly idealTree:prePrune +-- esmangle-evaluator@1.0.1
39 silly idealTree:prePrune +-- esprima-fb@3001.1.0-dev-harmony-fb
39 silly idealTree:prePrune +-- estree-walker@0.2.1
39 silly idealTree:prePrune +-- esutils@1.1.6
39 silly idealTree:prePrune +-- etag@1.7.0
39 silly idealTree:prePrune +-- events@1.1.1
39 silly idealTree:prePrune +-- evp_bytestokey@1.0.0
39 silly idealTree:prePrune +-- expand-brackets@0.1.5
39 silly idealTree:prePrune +-- expand-range@1.8.2
39 silly idealTree:prePrune +-- express@4.14.0
39 silly idealTree:prePrune +-- extend@3.0.0
39 silly idealTree:prePrune +-- extglob@0.3.2
39 silly idealTree:prePrune +-- extsprintf@1.0.2
39 silly idealTree:prePrune +-- falafel@1.2.0
39 silly idealTree:prePrune +-- faye-websocket@0.10.0
39 silly idealTree:prePrune +-- filename-regex@2.0.0
39 silly idealTree:prePrune +-- fill-range@2.2.3
39 silly idealTree:prePrune +-- finalhandler@0.5.0
39 silly idealTree:prePrune +-- find-up@1.1.2
39 silly idealTree:prePrune +-- findup-sync@0.3.0
39 silly idealTree:prePrune | `-- glob@5.0.15
39 silly idealTree:prePrune +-- for-in@0.1.6
39 silly idealTree:prePrune +-- for-own@0.1.4
39 silly idealTree:prePrune +-- foreach@2.0.5
39 silly idealTree:prePrune +-- forever-agent@0.6.1
39 silly idealTree:prePrune +-- form-data@2.1.2
39 silly idealTree:prePrune +-- forwarded@0.1.0
39 silly idealTree:prePrune +-- fresh@0.3.0
39 silly idealTree:prePrune +-- fs-extra@0.30.0
39 silly idealTree:prePrune +-- fs.realpath@1.0.0
39 silly idealTree:prePrune +-- fstream@1.0.10
39 silly idealTree:prePrune +-- gauge@2.6.0
39 silly idealTree:prePrune +-- gaze@1.1.2
39 silly idealTree:prePrune +-- generate-function@2.0.0
39 silly idealTree:prePrune +-- generate-object-property@1.2.0
39 silly idealTree:prePrune +-- get-caller-file@1.0.2
39 silly idealTree:prePrune +-- get-stdin@4.0.1
39 silly idealTree:prePrune +-- getpass@0.1.6
39 silly idealTree:prePrune | `-- assert-plus@1.0.0
39 silly idealTree:prePrune +-- glob-base@0.3.0
39 silly idealTree:prePrune +-- glob-parent@2.0.0
39 silly idealTree:prePrune +-- glob@7.1.1
39 silly idealTree:prePrune +-- globule@1.1.0
39 silly idealTree:prePrune +-- graceful-fs@4.1.11
39 silly idealTree:prePrune +-- graceful-readlink@1.0.1
39 silly idealTree:prePrune +-- har-validator@2.0.6
39 silly idealTree:prePrune | `-- commander@2.9.0
39 silly idealTree:prePrune +-- has-ansi@2.0.0
39 silly idealTree:prePrune +-- has-color@0.1.7
39 silly idealTree:prePrune +-- has-flag@1.0.0
39 silly idealTree:prePrune +-- has-unicode@2.0.1
39 silly idealTree:prePrune +-- hash.js@1.0.3
39 silly idealTree:prePrune +-- hawk@3.1.3
39 silly idealTree:prePrune +-- hoek@2.16.3
39 silly idealTree:prePrune +-- hosted-git-info@2.1.5
39 silly idealTree:prePrune +-- http-errors@1.5.1
39 silly idealTree:prePrune +-- http-signature@1.1.1
39 silly idealTree:prePrune +-- https-browserify@0.0.1
39 silly idealTree:prePrune +-- ieee754@1.1.8
39 silly idealTree:prePrune +-- immediate@3.0.6
39 silly idealTree:prePrune +-- in-publish@2.0.0
39 silly idealTree:prePrune +-- indent-string@2.1.0
39 silly idealTree:prePrune +-- indexof@0.0.1
39 silly idealTree:prePrune +-- inflight@1.0.6
39 silly idealTree:prePrune +-- inherits@2.0.3
39 silly idealTree:prePrune +-- inline-process-browser@1.0.0
39 silly idealTree:prePrune +-- interpret@1.0.1
39 silly idealTree:prePrune +-- invert-kv@1.0.0
39 silly idealTree:prePrune +-- ionic-angular@2.0.0-rc.3
39 silly idealTree:prePrune +-- ionic-native@2.2.3
39 silly idealTree:prePrune +-- ionicons@3.0.0
39 silly idealTree:prePrune +-- ipaddr.js@1.1.1
39 silly idealTree:prePrune +-- is-arrayish@0.2.1
39 silly idealTree:prePrune +-- is-binary-path@1.0.1
39 silly idealTree:prePrune +-- is-buffer@1.1.4
39 silly idealTree:prePrune +-- is-builtin-module@1.0.0
39 silly idealTree:prePrune +-- is-dotfile@1.0.2
39 silly idealTree:prePrune +-- is-equal-shallow@0.1.3
39 silly idealTree:prePrune +-- is-extendable@0.1.1
39 silly idealTree:prePrune +-- is-extglob@1.0.0
39 silly idealTree:prePrune +-- is-finite@1.0.2
39 silly idealTree:prePrune +-- is-fullwidth-code-point@1.0.0
39 silly idealTree:prePrune +-- is-glob@2.0.1
39 silly idealTree:prePrune +-- is-my-json-valid@2.15.0
39 silly idealTree:prePrune +-- is-number@2.1.0
39 silly idealTree:prePrune +-- is-posix-bracket@0.1.1
39 silly idealTree:prePrune +-- is-primitive@2.0.0
39 silly idealTree:prePrune +-- is-property@1.0.2
39 silly idealTree:prePrune +-- is-typedarray@1.0.0
39 silly idealTree:prePrune +-- is-utf8@0.2.1
39 silly idealTree:prePrune +-- isarray@0.0.1
39 silly idealTree:prePrune +-- isexe@1.1.2
39 silly idealTree:prePrune +-- isobject@2.1.0
39 silly idealTree:prePrune | `-- isarray@1.0.0
39 silly idealTree:prePrune +-- isstream@0.1.2
39 silly idealTree:prePrune +-- jodid25519@1.0.2
39 silly idealTree:prePrune +-- js-base64@2.1.9
39 silly idealTree:prePrune +-- jsbn@0.1.0
39 silly idealTree:prePrune +-- json-loader@0.5.4
39 silly idealTree:prePrune +-- json-schema@0.2.3
39 silly idealTree:prePrune +-- json-stable-stringify@1.0.1
39 silly idealTree:prePrune +-- json-stringify-safe@5.0.1
39 silly idealTree:prePrune +-- json5@0.5.1
39 silly idealTree:prePrune +-- jsonfile@2.4.0
39 silly idealTree:prePrune +-- jsonify@0.0.0
39 silly idealTree:prePrune +-- jsonpointer@4.0.0
39 silly idealTree:prePrune +-- jsprim@1.3.1
39 silly idealTree:prePrune +-- jstransform@3.0.0
39 silly idealTree:prePrune | `-- source-map@0.1.31
39 silly idealTree:prePrune +-- kind-of@3.0.4
39 silly idealTree:prePrune +-- klaw@1.3.1
39 silly idealTree:prePrune +-- lazy-cache@1.0.4
39 silly idealTree:prePrune +-- lcid@1.0.0
39 silly idealTree:prePrune +-- lie@3.0.2
39 silly idealTree:prePrune +-- livereload-js@2.2.2
39 silly idealTree:prePrune +-- load-json-file@1.1.0
39 silly idealTree:prePrune +-- loader-runner@2.2.0
39 silly idealTree:prePrune +-- loader-utils@0.2.16
39 silly idealTree:prePrune +-- localforage-cordovasqlitedriver@1.5.0
39 silly idealTree:prePrune +-- localforage@1.4.3
39 silly idealTree:prePrune +-- lodash.assign@4.2.0
39 silly idealTree:prePrune +-- lodash.clonedeep@4.5.0
39 silly idealTree:prePrune +-- lodash@4.16.6
39 silly idealTree:prePrune +-- longest@1.0.1
39 silly idealTree:prePrune +-- loud-rejection@1.6.0
39 silly idealTree:prePrune +-- lru-cache@4.0.2
39 silly idealTree:prePrune +-- macos-release@1.0.0
39 silly idealTree:prePrune +-- magic-string@0.16.0
39 silly idealTree:prePrune +-- map-obj@1.0.1
39 silly idealTree:prePrune +-- media-typer@0.3.0
39 silly idealTree:prePrune +-- memory-fs@0.3.0
39 silly idealTree:prePrune | +-- isarray@1.0.0
39 silly idealTree:prePrune | `-- readable-stream@2.2.2
39 silly idealTree:prePrune +-- meow@3.7.0
39 silly idealTree:prePrune +-- merge-descriptors@1.0.1
39 silly idealTree:prePrune +-- methods@1.1.2
39 silly idealTree:prePrune +-- micromatch@2.3.11
39 silly idealTree:prePrune +-- miller-rabin@4.0.0
39 silly idealTree:prePrune +-- mime-db@1.25.0
39 silly idealTree:prePrune +-- mime-types@2.1.13
39 silly idealTree:prePrune +-- mime@1.3.4
39 silly idealTree:prePrune +-- minimalistic-assert@1.0.0
39 silly idealTree:prePrune +-- minimatch@3.0.3
39 silly idealTree:prePrune +-- minimist@1.2.0
39 silly idealTree:prePrune +-- mkdirp@0.5.1
39 silly idealTree:prePrune | `-- minimist@0.0.8
39 silly idealTree:prePrune +-- ms@0.7.1
39 silly idealTree:prePrune +-- nan@2.4.0
39 silly idealTree:prePrune +-- negotiator@0.6.1
39 silly idealTree:prePrune +-- node-gyp@3.4.0
39 silly idealTree:prePrune | `-- npmlog@3.1.2
39 silly idealTree:prePrune +-- node-libs-browser@1.1.1
39 silly idealTree:prePrune | +-- isarray@1.0.0
39 silly idealTree:prePrune | `-- readable-stream@2.2.2
39 silly idealTree:prePrune +-- node-sass@3.10.1
39 silly idealTree:prePrune | `-- cross-spawn@3.0.1
39 silly idealTree:prePrune +-- nopt@3.0.6
39 silly idealTree:prePrune +-- normalize-package-data@2.3.5
39 silly idealTree:prePrune +-- normalize-path@2.0.1
39 silly idealTree:prePrune +-- normalize-range@0.1.2
39 silly idealTree:prePrune +-- npmlog@4.0.1
39 silly idealTree:prePrune | `-- gauge@2.7.1
39 silly idealTree:prePrune +-- num2fraction@1.2.2
39 silly idealTree:prePrune +-- number-is-nan@1.0.1
39 silly idealTree:prePrune +-- oauth-sign@0.8.2
39 silly idealTree:prePrune +-- object-assign@4.1.0
39 silly idealTree:prePrune +-- object-keys@1.0.11
39 silly idealTree:prePrune +-- object.omit@2.0.1
39 silly idealTree:prePrune +-- on-finished@2.3.0
39 silly idealTree:prePrune +-- once@1.4.0
39 silly idealTree:prePrune +-- optimist@0.6.1
39 silly idealTree:prePrune | `-- minimist@0.0.10
39 silly idealTree:prePrune +-- options@0.0.6
39 silly idealTree:prePrune +-- os-browserify@0.2.1
39 silly idealTree:prePrune +-- os-homedir@1.0.2
39 silly idealTree:prePrune +-- os-locale@1.4.0
39 silly idealTree:prePrune +-- os-name@2.0.1
39 silly idealTree:prePrune +-- os-tmpdir@1.0.2
39 silly idealTree:prePrune +-- osenv@0.1.3
39 silly idealTree:prePrune +-- pako@0.2.9
39 silly idealTree:prePrune +-- parse-asn1@5.0.0
39 silly idealTree:prePrune +-- parse-glob@3.0.4
39 silly idealTree:prePrune +-- parse-json@2.2.0
39 silly idealTree:prePrune +-- parse5@2.2.3
39 silly idealTree:prePrune +-- parseurl@1.3.1
39 silly idealTree:prePrune +-- path-array@1.0.1
39 silly idealTree:prePrune +-- path-browserify@0.0.0
39 silly idealTree:prePrune +-- path-exists@2.1.0
39 silly idealTree:prePrune +-- path-is-absolute@1.0.1
39 silly idealTree:prePrune +-- path-to-regexp@0.1.7
39 silly idealTree:prePrune +-- path-type@1.1.0
39 silly idealTree:prePrune +-- pbkdf2@3.0.9
39 silly idealTree:prePrune +-- pify@2.3.0
39 silly idealTree:prePrune +-- pinkie-promise@2.0.1
39 silly idealTree:prePrune +-- pinkie@2.0.4
39 silly idealTree:prePrune +-- postcss-value-parser@3.3.0
39 silly idealTree:prePrune +-- postcss@5.2.0
39 silly idealTree:prePrune | `-- source-map@0.5.6
39 silly idealTree:prePrune +-- preserve@0.2.0
39 silly idealTree:prePrune +-- private@0.1.6
39 silly idealTree:prePrune +-- process-es6@0.11.6
39 silly idealTree:prePrune +-- process-nextick-args@1.0.7
39 silly idealTree:prePrune +-- process@0.11.9
39 silly idealTree:prePrune +-- proxy-addr@1.1.2
39 silly idealTree:prePrune +-- proxy-middleware@0.15.0
39 silly idealTree:prePrune +-- prr@0.0.0
39 silly idealTree:prePrune +-- pseudomap@1.0.2
39 silly idealTree:prePrune +-- public-encrypt@4.0.0
39 silly idealTree:prePrune +-- punycode@1.4.1
39 silly idealTree:prePrune +-- qs@6.2.0
39 silly idealTree:prePrune +-- querystring-es3@0.2.1
39 silly idealTree:prePrune +-- querystring@0.2.0
39 silly idealTree:prePrune +-- randomatic@1.1.6
39 silly idealTree:prePrune +-- randombytes@2.0.3
39 silly idealTree:prePrune +-- range-parser@1.2.0
39 silly idealTree:prePrune +-- raw-body@1.1.7
39 silly idealTree:prePrune +-- read-pkg-up@1.0.1
39 silly idealTree:prePrune +-- read-pkg@1.1.0
39 silly idealTree:prePrune +-- readable-stream@1.0.34
39 silly idealTree:prePrune +-- readdirp@2.1.0
39 silly idealTree:prePrune | +-- isarray@1.0.0
39 silly idealTree:prePrune | `-- readable-stream@2.2.2
39 silly idealTree:prePrune +-- recast@0.10.43
39 silly idealTree:prePrune | +-- esprima-fb@15001.1001.0-dev-harmony-fb
39 silly idealTree:prePrune | `-- source-map@0.5.6
39 silly idealTree:prePrune +-- redent@1.0.0
39 silly idealTree:prePrune +-- reflect-metadata@0.1.8
39 silly idealTree:prePrune +-- regex-cache@0.4.3
39 silly idealTree:prePrune +-- repeat-element@1.1.2
39 silly idealTree:prePrune +-- repeat-string@1.6.1
39 silly idealTree:prePrune +-- repeating@2.0.1
39 silly idealTree:prePrune +-- request@2.79.0
39 silly idealTree:prePrune | `-- qs@6.3.0
39 silly idealTree:prePrune +-- require-directory@2.1.1
39 silly idealTree:prePrune +-- require-main-filename@1.0.1
39 silly idealTree:prePrune +-- resolve@1.1.7
39 silly idealTree:prePrune +-- right-align@0.1.3
39 silly idealTree:prePrune +-- rimraf@2.5.4
39 silly idealTree:prePrune +-- ripemd160@1.0.1
39 silly idealTree:prePrune +-- rollup-plugin-commonjs@5.0.4
39 silly idealTree:prePrune | `-- acorn@4.0.3
39 silly idealTree:prePrune +-- rollup-plugin-json@2.0.2
39 silly idealTree:prePrune +-- rollup-plugin-node-builtins@2.0.0
39 silly idealTree:prePrune +-- rollup-plugin-node-globals@1.0.9
39 silly idealTree:prePrune | `-- acorn@4.0.3
39 silly idealTree:prePrune +-- rollup-plugin-node-resolve@2.0.0
39 silly idealTree:prePrune +-- rollup-pluginutils@1.5.2
39 silly idealTree:prePrune +-- rollup@0.36.3
39 silly idealTree:prePrune | +-- source-map-support@0.4.6
39 silly idealTree:prePrune | `-- source-map@0.5.6
39 silly idealTree:prePrune +-- rxjs@5.0.0-beta.12
39 silly idealTree:prePrune +-- safe-json-parse@1.0.1
39 silly idealTree:prePrune +-- sass-graph@2.1.2
39 silly idealTree:prePrune +-- semver@5.3.0
39 silly idealTree:prePrune +-- send@0.14.1
39 silly idealTree:prePrune +-- serve-static@1.11.1
39 silly idealTree:prePrune +-- set-blocking@2.0.0
39 silly idealTree:prePrune +-- set-immediate-shim@1.0.1
39 silly idealTree:prePrune +-- setprototypeof@1.0.2
39 silly idealTree:prePrune +-- sha.js@2.4.8
39 silly idealTree:prePrune +-- signal-exit@3.0.1
39 silly idealTree:prePrune +-- sntp@1.0.9
39 silly idealTree:prePrune +-- source-list-map@0.1.7
39 silly idealTree:prePrune +-- source-map-support@0.3.3
39 silly idealTree:prePrune | `-- source-map@0.1.32
39 silly idealTree:prePrune +-- source-map@0.4.4
39 silly idealTree:prePrune +-- spdx-correct@1.0.2
39 silly idealTree:prePrune +-- spdx-expression-parse@1.0.4
39 silly idealTree:prePrune +-- spdx-license-ids@1.2.2
39 silly idealTree:prePrune +-- sprintf-js@1.0.3
39 silly idealTree:prePrune +-- sshpk@1.10.1
39 silly idealTree:prePrune | `-- assert-plus@1.0.0
39 silly idealTree:prePrune +-- statuses@1.3.1
39 silly idealTree:prePrune +-- stream-browserify@2.0.1
39 silly idealTree:prePrune | +-- isarray@1.0.0
39 silly idealTree:prePrune | `-- readable-stream@2.2.2
39 silly idealTree:prePrune +-- stream-http@2.5.0
39 silly idealTree:prePrune | +-- isarray@1.0.0
39 silly idealTree:prePrune | `-- readable-stream@2.2.2
39 silly idealTree:prePrune +-- string_decoder@0.10.31
39 silly idealTree:prePrune +-- string-template@0.2.1
39 silly idealTree:prePrune +-- string-width@1.0.2
39 silly idealTree:prePrune +-- stringstream@0.0.5
39 silly idealTree:prePrune +-- strip-ansi@3.0.1
39 silly idealTree:prePrune +-- strip-bom@2.0.0
39 silly idealTree:prePrune +-- strip-indent@1.0.1
39 silly idealTree:prePrune +-- supports-color@3.1.2
39 silly idealTree:prePrune +-- symbol-observable@1.0.4
39 silly idealTree:prePrune +-- tapable@0.2.4
39 silly idealTree:prePrune +-- tar@2.2.1
39 silly idealTree:prePrune +-- through@2.3.8
39 silly idealTree:prePrune +-- through2@0.6.5
39 silly idealTree:prePrune +-- timers-browserify@1.4.2
39 silly idealTree:prePrune +-- tiny-lr@1.0.3
39 silly idealTree:prePrune +-- to-arraybuffer@1.0.1
39 silly idealTree:prePrune +-- tough-cookie@2.3.2
39 silly idealTree:prePrune +-- trim-newlines@1.0.0
39 silly idealTree:prePrune +-- tsickle@0.1.7
39 silly idealTree:prePrune +-- tslint-eslint-rules@1.5.0
39 silly idealTree:prePrune +-- tslint@3.15.1
39 silly idealTree:prePrune +-- tty-browserify@0.0.0
39 silly idealTree:prePrune +-- tunnel-agent@0.4.3
39 silly idealTree:prePrune +-- tweetnacl@0.14.3
39 silly idealTree:prePrune +-- type-is@1.6.14
39 silly idealTree:prePrune +-- typescript@2.0.6
39 silly idealTree:prePrune +-- uglify-js@2.7.3
39 silly idealTree:prePrune | +-- camelcase@1.2.1
39 silly idealTree:prePrune | +-- cliui@2.1.0
39 silly idealTree:prePrune | +-- source-map@0.5.6
39 silly idealTree:prePrune | +-- window-size@0.1.0
39 silly idealTree:prePrune | +-- wordwrap@0.0.2
39 silly idealTree:prePrune | `-- yargs@3.10.0
39 silly idealTree:prePrune +-- uglify-to-browserify@1.0.2
39 silly idealTree:prePrune +-- ultron@1.0.2
39 silly idealTree:prePrune +-- underscore.string@3.3.4
39 silly idealTree:prePrune +-- unpipe@1.0.0
39 silly idealTree:prePrune +-- unreachable-branch-transform@0.3.0
39 silly idealTree:prePrune +-- url@0.11.0
39 silly idealTree:prePrune | `-- punycode@1.3.2
39 silly idealTree:prePrune +-- util-deprecate@1.0.2
39 silly idealTree:prePrune +-- util@0.10.3
39 silly idealTree:prePrune | `-- inherits@2.0.1
39 silly idealTree:prePrune +-- utils-merge@1.0.0
39 silly idealTree:prePrune +-- uuid@3.0.1
39 silly idealTree:prePrune +-- validate-npm-package-license@3.0.1
39 silly idealTree:prePrune +-- vary@1.1.0
39 silly idealTree:prePrune +-- verror@1.3.6
39 silly idealTree:prePrune +-- vlq@0.2.1
39 silly idealTree:prePrune +-- vm-browserify@0.0.4
39 silly idealTree:prePrune +-- watchpack@1.1.0
39 silly idealTree:prePrune | `-- async@2.0.0-rc.4
39 silly idealTree:prePrune +-- webpack-sources@0.1.3
39 silly idealTree:prePrune | `-- source-map@0.5.6
39 silly idealTree:prePrune +-- webpack@2.1.0-beta.27
39 silly idealTree:prePrune | +-- acorn@4.0.3
39 silly idealTree:prePrune | +-- async@2.1.4
39 silly idealTree:prePrune | +-- camelcase@3.0.0
39 silly idealTree:prePrune | +-- source-map@0.5.6
39 silly idealTree:prePrune | +-- yargs-parser@4.2.0
39 silly idealTree:prePrune | `-- yargs@6.5.0
39 silly idealTree:prePrune +-- websocket-driver@0.6.5
39 silly idealTree:prePrune +-- websocket-extensions@0.1.1
39 silly idealTree:prePrune +-- which-module@1.0.0
39 silly idealTree:prePrune +-- which@1.2.12
39 silly idealTree:prePrune +-- wide-align@1.1.0
39 silly idealTree:prePrune +-- win-release@1.1.1
39 silly idealTree:prePrune +-- window-size@0.2.0
39 silly idealTree:prePrune +-- wordwrap@0.0.3
39 silly idealTree:prePrune +-- wrap-ansi@2.1.0
39 silly idealTree:prePrune +-- wrappy@1.0.2
39 silly idealTree:prePrune +-- ws@1.1.1
39 silly idealTree:prePrune +-- xtend@4.0.1
39 silly idealTree:prePrune +-- y18n@3.2.1
39 silly idealTree:prePrune +-- yallist@2.0.0
39 silly idealTree:prePrune +-- yargs-parser@2.4.1
39 silly idealTree:prePrune | `-- camelcase@3.0.0
39 silly idealTree:prePrune +-- yargs@4.8.1
39 silly idealTree:prePrune `-- zone.js@0.6.26
40 silly loadIdealTree Finishing
41 silly currentTree formulabook
41 silly currentTree +-- @angular/common@2.1.1
41 silly currentTree +-- @angular/compiler-cli@2.1.1
41 silly currentTree +-- @angular/compiler@2.1.1
41 silly currentTree +-- @angular/core@2.1.1
41 silly currentTree +-- @angular/forms@2.1.1
41 silly currentTree +-- @angular/http@2.1.1
41 silly currentTree +-- @angular/platform-browser-dynamic@2.1.1
41 silly currentTree +-- @angular/platform-browser@2.1.1
41 silly currentTree +-- @angular/platform-server@2.1.1
41 silly currentTree +-- @angular/tsc-wrapped@0.3.0
41 silly currentTree +-- @ionic/app-scripts@0.0.45
41 silly currentTree +-- @ionic/storage@1.1.6
41 silly currentTree +-- @types/localforage@0.0.30
41 silly currentTree +-- abbrev@1.0.9
41 silly currentTree +-- accepts@1.3.3
41 silly currentTree +-- acorn@1.2.2
41 silly currentTree +-- ajv-keywords@1.1.1
41 silly currentTree +-- ajv@4.9.0
41 silly currentTree +-- align-text@0.1.4
41 silly currentTree +-- amdefine@1.0.1
41 silly currentTree +-- ansi-regex@2.0.0
41 silly currentTree +-- ansi-styles@2.2.1
41 silly currentTree +-- anymatch@1.3.0
41 silly currentTree +-- aproba@1.0.4
41 silly currentTree +-- are-we-there-yet@1.1.2
41 silly currentTree | +-- isarray@1.0.0
41 silly currentTree | `-- readable-stream@2.2.2
41 silly currentTree +-- arr-diff@2.0.0
41 silly currentTree +-- arr-flatten@1.0.1
41 silly currentTree +-- array-find-index@1.0.2
41 silly currentTree +-- array-flatten@1.1.1
41 silly currentTree +-- array-index@1.0.0
41 silly currentTree +-- array-unique@0.2.1
41 silly currentTree +-- arrify@1.0.1
41 silly currentTree +-- asn1.js@4.9.0
41 silly currentTree +-- asn1@0.2.3
41 silly currentTree +-- assert-plus@0.2.0
41 silly currentTree +-- assert@1.4.1
41 silly currentTree +-- ast-types@0.8.15
41 silly currentTree +-- async-each@1.0.1
41 silly currentTree +-- async-foreach@0.1.3
41 silly currentTree +-- async@0.2.10
41 silly currentTree +-- asynckit@0.4.0
41 silly currentTree +-- autoprefixer@6.4.1
41 silly currentTree +-- aws-sign2@0.6.0
41 silly currentTree +-- aws4@1.5.0
41 silly currentTree +-- balanced-match@0.4.2
41 silly currentTree +-- base62@0.1.1
41 silly currentTree +-- base64-js@1.2.0
41 silly currentTree +-- bcrypt-pbkdf@1.0.0
41 silly currentTree +-- big.js@3.1.3
41 silly currentTree +-- binary-extensions@1.7.0
41 silly currentTree +-- block-stream@0.0.9
41 silly currentTree +-- bn.js@4.11.6
41 silly currentTree +-- body@5.1.0
41 silly currentTree +-- boom@2.10.1
41 silly currentTree +-- brace-expansion@1.1.6
41 silly currentTree +-- braces@1.8.5
41 silly currentTree +-- brorand@1.0.6
41 silly currentTree +-- browser-resolve@1.11.2
41 silly currentTree +-- browserify-aes@1.0.6
41 silly currentTree +-- browserify-cipher@1.0.0
41 silly currentTree +-- browserify-des@1.0.0
41 silly currentTree +-- browserify-rsa@4.0.1
41 silly currentTree +-- browserify-sign@4.0.0
41 silly currentTree +-- browserify-zlib@0.1.4
41 silly currentTree +-- browserslist@1.3.6
41 silly currentTree +-- buffer-es6@4.9.3
41 silly currentTree +-- buffer-shims@1.0.0
41 silly currentTree +-- buffer-xor@1.0.3
41 silly currentTree +-- buffer@4.9.1
41 silly currentTree | `-- isarray@1.0.0
41 silly currentTree +-- builtin-modules@1.1.1
41 silly currentTree +-- builtin-status-codes@2.0.0
41 silly currentTree +-- bytes@1.0.0
41 silly currentTree +-- camelcase-keys@2.1.0
41 silly currentTree +-- camelcase@2.1.1
41 silly currentTree +-- caniuse-db@1.0.30000590
41 silly currentTree +-- caseless@0.11.0
41 silly currentTree +-- center-align@0.1.3
41 silly currentTree +-- chalk@1.1.3
41 silly currentTree | `-- supports-color@2.0.0
41 silly currentTree +-- chokidar@1.6.1
41 silly currentTree +-- cipher-base@1.0.3
41 silly currentTree +-- clean-css@3.4.19
41 silly currentTree +-- cliui@3.2.0
41 silly currentTree +-- co@4.6.0
41 silly currentTree +-- code-point-at@1.1.0
41 silly currentTree +-- colors@1.1.2
41 silly currentTree +-- combined-stream@1.0.5
41 silly currentTree +-- commander@2.8.1
41 silly currentTree +-- concat-map@0.0.1
41 silly currentTree +-- console-browserify@1.1.0
41 silly currentTree +-- console-control-strings@1.1.0
41 silly currentTree +-- constants-browserify@1.0.0
41 silly currentTree +-- content-disposition@0.5.1
41 silly currentTree +-- content-type@1.0.2
41 silly currentTree +-- continuable-cache@0.3.1
41 silly currentTree +-- cookie-signature@1.0.6
41 silly currentTree +-- cookie@0.3.1
41 silly currentTree +-- core-util-is@1.0.2
41 silly currentTree +-- create-ecdh@4.0.0
41 silly currentTree +-- create-hash@1.1.2
41 silly currentTree +-- create-hmac@1.1.4
41 silly currentTree +-- cross-spawn@4.0.0
41 silly currentTree +-- cryptiles@2.0.5
41 silly currentTree +-- crypto-browserify@3.11.0
41 silly currentTree +-- currently-unhandled@0.4.1
41 silly currentTree +-- d@0.1.1
41 silly currentTree +-- dashdash@1.14.1
41 silly currentTree | `-- assert-plus@1.0.0
41 silly currentTree +-- date-now@0.1.4
41 silly currentTree +-- debug@2.2.0
41 silly currentTree +-- decamelize@1.2.0
41 silly currentTree +-- delayed-stream@1.0.0
41 silly currentTree +-- delegates@1.0.0
41 silly currentTree +-- depd@1.1.0
41 silly currentTree +-- des.js@1.0.0
41 silly currentTree +-- destroy@1.0.4
41 silly currentTree +-- diff@2.2.3
41 silly currentTree +-- diffie-hellman@5.0.2
41 silly currentTree +-- doctrine@0.7.2
41 silly currentTree +-- domain-browser@1.1.7
41 silly currentTree +-- ecc-jsbn@0.1.1
41 silly currentTree +-- ee-first@1.1.1
41 silly currentTree +-- elliptic@6.3.2
41 silly currentTree +-- emojis-list@2.1.0
41 silly currentTree +-- encodeurl@1.0.1
41 silly currentTree +-- enhanced-resolve@2.3.0
41 silly currentTree +-- errno@0.1.4
41 silly currentTree +-- error-ex@1.3.0
41 silly currentTree +-- error@7.0.2
41 silly currentTree +-- es3ify@0.1.4
41 silly currentTree +-- es5-ext@0.10.12
41 silly currentTree +-- es6-iterator@2.0.0
41 silly currentTree +-- es6-symbol@3.1.0
41 silly currentTree +-- escape-html@1.0.3
41 silly currentTree +-- escape-string-regexp@1.0.5
41 silly currentTree +-- esmangle-evaluator@1.0.1
41 silly currentTree +-- esprima-fb@3001.1.0-dev-harmony-fb
41 silly currentTree +-- estree-walker@0.2.1
41 silly currentTree +-- esutils@1.1.6
41 silly currentTree +-- etag@1.7.0
41 silly currentTree +-- events@1.1.1
41 silly currentTree +-- evp_bytestokey@1.0.0
41 silly currentTree +-- expand-brackets@0.1.5
41 silly currentTree +-- expand-range@1.8.2
41 silly currentTree +-- express@4.14.0
41 silly currentTree +-- extend@3.0.0
41 silly currentTree +-- extglob@0.3.2
41 silly currentTree +-- extsprintf@1.0.2
41 silly currentTree +-- falafel@1.2.0
41 silly currentTree +-- faye-websocket@0.10.0
41 silly currentTree +-- filename-regex@2.0.0
41 silly currentTree +-- fill-range@2.2.3
41 silly currentTree +-- finalhandler@0.5.0
41 silly currentTree +-- find-up@1.1.2
41 silly currentTree +-- findup-sync@0.3.0
41 silly currentTree | `-- glob@5.0.15
41 silly currentTree +-- for-in@0.1.6
41 silly currentTree +-- for-own@0.1.4
41 silly currentTree +-- foreach@2.0.5
41 silly currentTree +-- forever-agent@0.6.1
41 silly currentTree +-- form-data@2.1.2
41 silly currentTree +-- forwarded@0.1.0
41 silly currentTree +-- fresh@0.3.0
41 silly currentTree +-- fs-extra@0.30.0
41 silly currentTree +-- fs.realpath@1.0.0
41 silly currentTree +-- fstream@1.0.10
41 silly currentTree +-- gauge@2.6.0
41 silly currentTree +-- gaze@1.1.2
41 silly currentTree +-- generate-function@2.0.0
41 silly currentTree +-- generate-object-property@1.2.0
41 silly currentTree +-- get-caller-file@1.0.2
41 silly currentTree +-- get-stdin@4.0.1
41 silly currentTree +-- getpass@0.1.6
41 silly currentTree | `-- assert-plus@1.0.0
41 silly currentTree +-- glob-base@0.3.0
41 silly currentTree +-- glob-parent@2.0.0
41 silly currentTree +-- glob@7.1.1
41 silly currentTree +-- globule@1.1.0
41 silly currentTree +-- graceful-fs@4.1.11
41 silly currentTree +-- graceful-readlink@1.0.1
41 silly currentTree +-- har-validator@2.0.6
41 silly currentTree | `-- commander@2.9.0
41 silly currentTree +-- has-ansi@2.0.0
41 silly currentTree +-- has-color@0.1.7
41 silly currentTree +-- has-flag@1.0.0
41 silly currentTree +-- has-unicode@2.0.1
41 silly currentTree +-- hash.js@1.0.3
41 silly currentTree +-- hawk@3.1.3
41 silly currentTree +-- hoek@2.16.3
41 silly currentTree +-- hosted-git-info@2.1.5
41 silly currentTree +-- http-errors@1.5.1
41 silly currentTree +-- http-signature@1.1.1
41 silly currentTree +-- https-browserify@0.0.1
41 silly currentTree +-- ieee754@1.1.8
41 silly currentTree +-- immediate@3.0.6
41 silly currentTree +-- in-publish@2.0.0
41 silly currentTree +-- indent-string@2.1.0
41 silly currentTree +-- indexof@0.0.1
41 silly currentTree +-- inflight@1.0.6
41 silly currentTree +-- inherits@2.0.3
41 silly currentTree +-- inline-process-browser@1.0.0
41 silly currentTree +-- interpret@1.0.1
41 silly currentTree +-- invert-kv@1.0.0
41 silly currentTree +-- ionic-angular@2.0.0-rc.3
41 silly currentTree +-- ionic-native@2.2.3
41 silly currentTree +-- ionicons@3.0.0
41 silly currentTree +-- ipaddr.js@1.1.1
41 silly currentTree +-- is-arrayish@0.2.1
41 silly currentTree +-- is-binary-path@1.0.1
41 silly currentTree +-- is-buffer@1.1.4
41 silly currentTree +-- is-builtin-module@1.0.0
41 silly currentTree +-- is-dotfile@1.0.2
41 silly currentTree +-- is-equal-shallow@0.1.3
41 silly currentTree +-- is-extendable@0.1.1
41 silly currentTree +-- is-extglob@1.0.0
41 silly currentTree +-- is-finite@1.0.2
41 silly currentTree +-- is-fullwidth-code-point@1.0.0
41 silly currentTree +-- is-glob@2.0.1
41 silly currentTree +-- is-my-json-valid@2.15.0
41 silly currentTree +-- is-number@2.1.0
41 silly currentTree +-- is-posix-bracket@0.1.1
41 silly currentTree +-- is-primitive@2.0.0
41 silly currentTree +-- is-property@1.0.2
41 silly currentTree +-- is-typedarray@1.0.0
41 silly currentTree +-- is-utf8@0.2.1
41 silly currentTree +-- isarray@0.0.1
41 silly currentTree +-- isexe@1.1.2
41 silly currentTree +-- isobject@2.1.0
41 silly currentTree | `-- isarray@1.0.0
41 silly currentTree +-- isstream@0.1.2
41 silly currentTree +-- jodid25519@1.0.2
41 silly currentTree +-- js-base64@2.1.9
41 silly currentTree +-- jsbn@0.1.0
41 silly currentTree +-- json-loader@0.5.4
41 silly currentTree +-- json-schema@0.2.3
41 silly currentTree +-- json-stable-stringify@1.0.1
41 silly currentTree +-- json-stringify-safe@5.0.1
41 silly currentTree +-- json5@0.5.1
41 silly currentTree +-- jsonfile@2.4.0
41 silly currentTree +-- jsonify@0.0.0
41 silly currentTree +-- jsonpointer@4.0.0
41 silly currentTree +-- jsprim@1.3.1
41 silly currentTree +-- jstransform@3.0.0
41 silly currentTree | `-- source-map@0.1.31
41 silly currentTree +-- kind-of@3.0.4
41 silly currentTree +-- klaw@1.3.1
41 silly currentTree +-- lazy-cache@1.0.4
41 silly currentTree +-- lcid@1.0.0
41 silly currentTree +-- lie@3.0.2
41 silly currentTree +-- livereload-js@2.2.2
41 silly currentTree +-- load-json-file@1.1.0
41 silly currentTree +-- loader-runner@2.2.0
41 silly currentTree +-- loader-utils@0.2.16
41 silly currentTree +-- localforage-cordovasqlitedriver@1.5.0
41 silly currentTree +-- localforage@1.4.3
41 silly currentTree +-- lodash.assign@4.2.0
41 silly currentTree +-- lodash.clonedeep@4.5.0
41 silly currentTree +-- lodash@4.16.6
41 silly currentTree +-- longest@1.0.1
41 silly currentTree +-- loud-rejection@1.6.0
41 silly currentTree +-- lru-cache@4.0.2
41 silly currentTree +-- macos-release@1.0.0
41 silly currentTree +-- magic-string@0.16.0
41 silly currentTree +-- map-obj@1.0.1
41 silly currentTree +-- media-typer@0.3.0
41 silly currentTree +-- memory-fs@0.3.0
41 silly currentTree | +-- isarray@1.0.0
41 silly currentTree | `-- readable-stream@2.2.2
41 silly currentTree +-- meow@3.7.0
41 silly currentTree +-- merge-descriptors@1.0.1
41 silly currentTree +-- methods@1.1.2
41 silly currentTree +-- micromatch@2.3.11
41 silly currentTree +-- miller-rabin@4.0.0
41 silly currentTree +-- mime-db@1.25.0
41 silly currentTree +-- mime-types@2.1.13
41 silly currentTree +-- mime@1.3.4
41 silly currentTree +-- minimalistic-assert@1.0.0
41 silly currentTree +-- minimatch@3.0.3
41 silly currentTree +-- minimist@1.2.0
41 silly currentTree +-- mkdirp@0.5.1
41 silly currentTree | `-- minimist@0.0.8
41 silly currentTree +-- ms@0.7.1
41 silly currentTree +-- nan@2.4.0
41 silly currentTree +-- negotiator@0.6.1
41 silly currentTree +-- node-gyp@3.4.0
41 silly currentTree | `-- npmlog@3.1.2
41 silly currentTree +-- node-libs-browser@1.1.1
41 silly currentTree | +-- isarray@1.0.0
41 silly currentTree | `-- readable-stream@2.2.2
41 silly currentTree +-- node-sass@3.10.1
41 silly currentTree | `-- cross-spawn@3.0.1
41 silly currentTree +-- nopt@3.0.6
41 silly currentTree +-- normalize-package-data@2.3.5
41 silly currentTree +-- normalize-path@2.0.1
41 silly currentTree +-- normalize-range@0.1.2
41 silly currentTree +-- npmlog@4.0.1
41 silly currentTree | `-- gauge@2.7.1
41 silly currentTree +-- num2fraction@1.2.2
41 silly currentTree +-- number-is-nan@1.0.1
41 silly currentTree +-- oauth-sign@0.8.2
41 silly currentTree +-- object-assign@4.1.0
41 silly currentTree +-- object-keys@1.0.11
41 silly currentTree +-- object.omit@2.0.1
41 silly currentTree +-- on-finished@2.3.0
41 silly currentTree +-- once@1.4.0
41 silly currentTree +-- optimist@0.6.1
41 silly currentTree | `-- minimist@0.0.10
41 silly currentTree +-- options@0.0.6
41 silly currentTree +-- os-browserify@0.2.1
41 silly currentTree +-- os-homedir@1.0.2
41 silly currentTree +-- os-locale@1.4.0
41 silly currentTree +-- os-name@2.0.1
41 silly currentTree +-- os-tmpdir@1.0.2
41 silly currentTree +-- osenv@0.1.3
41 silly currentTree +-- pako@0.2.9
41 silly currentTree +-- parse-asn1@5.0.0
41 silly currentTree +-- parse-glob@3.0.4
41 silly currentTree +-- parse-json@2.2.0
41 silly currentTree +-- parse5@2.2.3
41 silly currentTree +-- parseurl@1.3.1
41 silly currentTree +-- path-array@1.0.1
41 silly currentTree +-- path-browserify@0.0.0
41 silly currentTree +-- path-exists@2.1.0
41 silly currentTree +-- path-is-absolute@1.0.1
41 silly currentTree +-- path-to-regexp@0.1.7
41 silly currentTree +-- path-type@1.1.0
41 silly currentTree +-- pbkdf2@3.0.9
41 silly currentTree +-- pify@2.3.0
41 silly currentTree +-- pinkie-promise@2.0.1
41 silly currentTree +-- pinkie@2.0.4
41 silly currentTree +-- postcss-value-parser@3.3.0
41 silly currentTree +-- postcss@5.2.0
41 silly currentTree | `-- source-map@0.5.6
41 silly currentTree +-- preserve@0.2.0
41 silly currentTree +-- private@0.1.6
41 silly currentTree +-- process-es6@0.11.6
41 silly currentTree +-- process-nextick-args@1.0.7
41 silly currentTree +-- process@0.11.9
41 silly currentTree +-- proxy-addr@1.1.2
41 silly currentTree +-- proxy-middleware@0.15.0
41 silly currentTree +-- prr@0.0.0
41 silly currentTree +-- pseudomap@1.0.2
41 silly currentTree +-- public-encrypt@4.0.0
41 silly currentTree +-- punycode@1.4.1
41 silly currentTree +-- qs@6.2.0
41 silly currentTree +-- querystring-es3@0.2.1
41 silly currentTree +-- querystring@0.2.0
41 silly currentTree +-- randomatic@1.1.6
41 silly currentTree +-- randombytes@2.0.3
41 silly currentTree +-- range-parser@1.2.0
41 silly currentTree +-- raw-body@1.1.7
41 silly currentTree +-- read-pkg-up@1.0.1
41 silly currentTree +-- read-pkg@1.1.0
41 silly currentTree +-- readable-stream@1.0.34
41 silly currentTree +-- readdirp@2.1.0
41 silly currentTree | +-- isarray@1.0.0
41 silly currentTree | `-- readable-stream@2.2.2
41 silly currentTree +-- recast@0.10.43
41 silly currentTree | +-- esprima-fb@15001.1001.0-dev-harmony-fb
41 silly currentTree | `-- source-map@0.5.6
41 silly currentTree +-- redent@1.0.0
41 silly currentTree +-- reflect-metadata@0.1.8
41 silly currentTree +-- regex-cache@0.4.3
41 silly currentTree +-- repeat-element@1.1.2
41 silly currentTree +-- repeat-string@1.6.1
41 silly currentTree +-- repeating@2.0.1
41 silly currentTree +-- request@2.79.0
41 silly currentTree | `-- qs@6.3.0
41 silly currentTree +-- require-directory@2.1.1
41 silly currentTree +-- require-main-filename@1.0.1
41 silly currentTree +-- resolve@1.1.7
41 silly currentTree +-- right-align@0.1.3
41 silly currentTree +-- rimraf@2.5.4
41 silly currentTree +-- ripemd160@1.0.1
41 silly currentTree +-- rollup-plugin-commonjs@5.0.4
41 silly currentTree | `-- acorn@4.0.3
41 silly currentTree +-- rollup-plugin-json@2.0.2
41 silly currentTree +-- rollup-plugin-node-builtins@2.0.0
41 silly currentTree +-- rollup-plugin-node-globals@1.0.9
41 silly currentTree | `-- acorn@4.0.3
41 silly currentTree +-- rollup-plugin-node-resolve@2.0.0
41 silly currentTree +-- rollup-pluginutils@1.5.2
41 silly currentTree +-- rollup@0.36.3
41 silly currentTree | +-- source-map-support@0.4.6
41 silly currentTree | `-- source-map@0.5.6
41 silly currentTree +-- rxjs@5.0.0-beta.12
41 silly currentTree +-- safe-json-parse@1.0.1
41 silly currentTree +-- sass-graph@2.1.2
41 silly currentTree +-- semver@5.3.0
41 silly currentTree +-- send@0.14.1
41 silly currentTree +-- serve-static@1.11.1
41 silly currentTree +-- set-blocking@2.0.0
41 silly currentTree +-- set-immediate-shim@1.0.1
41 silly currentTree +-- setprototypeof@1.0.2
41 silly currentTree +-- sha.js@2.4.8
41 silly currentTree +-- signal-exit@3.0.1
41 silly currentTree +-- sntp@1.0.9
41 silly currentTree +-- source-list-map@0.1.7
41 silly currentTree +-- source-map-support@0.3.3
41 silly currentTree | `-- source-map@0.1.32
41 silly currentTree +-- source-map@0.4.4
41 silly currentTree +-- spdx-correct@1.0.2
41 silly currentTree +-- spdx-expression-parse@1.0.4
41 silly currentTree +-- spdx-license-ids@1.2.2
41 silly currentTree +-- sprintf-js@1.0.3
41 silly currentTree +-- sshpk@1.10.1
41 silly currentTree | `-- assert-plus@1.0.0
41 silly currentTree +-- statuses@1.3.1
41 silly currentTree +-- stream-browserify@2.0.1
41 silly currentTree | +-- isarray@1.0.0
41 silly currentTree | `-- readable-stream@2.2.2
41 silly currentTree +-- stream-http@2.5.0
41 silly currentTree | +-- isarray@1.0.0
41 silly currentTree | `-- readable-stream@2.2.2
41 silly currentTree +-- string_decoder@0.10.31
41 silly currentTree +-- string-template@0.2.1
41 silly currentTree +-- string-width@1.0.2
41 silly currentTree +-- stringstream@0.0.5
41 silly currentTree +-- strip-ansi@3.0.1
41 silly currentTree +-- strip-bom@2.0.0
41 silly currentTree +-- strip-indent@1.0.1
41 silly currentTree +-- supports-color@3.1.2
41 silly currentTree +-- symbol-observable@1.0.4
41 silly currentTree +-- tapable@0.2.4
41 silly currentTree +-- tar@2.2.1
41 silly currentTree +-- through@2.3.8
41 silly currentTree +-- through2@0.6.5
41 silly currentTree +-- timers-browserify@1.4.2
41 silly currentTree +-- tiny-lr@1.0.3
41 silly currentTree +-- to-arraybuffer@1.0.1
41 silly currentTree +-- tough-cookie@2.3.2
41 silly currentTree +-- trim-newlines@1.0.0
41 silly currentTree +-- tsickle@0.1.7
41 silly currentTree +-- tslint-eslint-rules@1.5.0
41 silly currentTree +-- tslint@3.15.1
41 silly currentTree +-- tty-browserify@0.0.0
41 silly currentTree +-- tunnel-agent@0.4.3
41 silly currentTree +-- tweetnacl@0.14.3
41 silly currentTree +-- type-is@1.6.14
41 silly currentTree +-- typescript@2.0.6
41 silly currentTree +-- uglify-js@2.7.3
41 silly currentTree | +-- camelcase@1.2.1
41 silly currentTree | +-- cliui@2.1.0
41 silly currentTree | +-- source-map@0.5.6
41 silly currentTree | +-- window-size@0.1.0
41 silly currentTree | +-- wordwrap@0.0.2
41 silly currentTree | `-- yargs@3.10.0
41 silly currentTree +-- uglify-to-browserify@1.0.2
41 silly currentTree +-- ultron@1.0.2
41 silly currentTree +-- underscore.string@3.3.4
41 silly currentTree +-- unpipe@1.0.0
41 silly currentTree +-- unreachable-branch-transform@0.3.0
41 silly currentTree +-- url@0.11.0
41 silly currentTree | `-- punycode@1.3.2
41 silly currentTree +-- util-deprecate@1.0.2
41 silly currentTree +-- util@0.10.3
41 silly currentTree | `-- inherits@2.0.1
41 silly currentTree +-- utils-merge@1.0.0
41 silly currentTree +-- uuid@3.0.1
41 silly currentTree +-- validate-npm-package-license@3.0.1
41 silly currentTree +-- vary@1.1.0
41 silly currentTree +-- verror@1.3.6
41 silly currentTree +-- vlq@0.2.1
41 silly currentTree +-- vm-browserify@0.0.4
41 silly currentTree +-- watchpack@1.1.0
41 silly currentTree | `-- async@2.0.0-rc.4
41 silly currentTree +-- webpack-sources@0.1.3
41 silly currentTree | `-- source-map@0.5.6
41 silly currentTree +-- webpack@2.1.0-beta.27
41 silly currentTree | +-- acorn@4.0.3
41 silly currentTree | +-- async@2.1.4
41 silly currentTree | +-- camelcase@3.0.0
41 silly currentTree | +-- source-map@0.5.6
41 silly currentTree | +-- yargs-parser@4.2.0
41 silly currentTree | `-- yargs@6.5.0
41 silly currentTree +-- websocket-driver@0.6.5
41 silly currentTree +-- websocket-extensions@0.1.1
41 silly currentTree +-- which-module@1.0.0
41 silly currentTree +-- which@1.2.12
41 silly currentTree +-- wide-align@1.1.0
41 silly currentTree +-- win-release@1.1.1
41 silly currentTree +-- window-size@0.2.0
41 silly currentTree +-- wordwrap@0.0.3
41 silly currentTree +-- wrap-ansi@2.1.0
41 silly currentTree +-- wrappy@1.0.2
41 silly currentTree +-- ws@1.1.1
41 silly currentTree +-- xtend@4.0.1
41 silly currentTree +-- y18n@3.2.1
41 silly currentTree +-- yallist@2.0.0
41 silly currentTree +-- yargs-parser@2.4.1
41 silly currentTree | `-- camelcase@3.0.0
41 silly currentTree +-- yargs@4.8.1
41 silly currentTree `-- zone.js@0.6.26
42 silly idealTree formulabook
42 silly idealTree +-- @angular/common@2.1.1
42 silly idealTree +-- @angular/compiler-cli@2.1.1
42 silly idealTree +-- @angular/compiler@2.1.1
42 silly idealTree +-- @angular/core@2.1.1
42 silly idealTree +-- @angular/forms@2.1.1
42 silly idealTree +-- @angular/http@2.1.1
42 silly idealTree +-- @angular/platform-browser-dynamic@2.1.1
42 silly idealTree +-- @angular/platform-browser@2.1.1
42 silly idealTree +-- @angular/platform-server@2.1.1
42 silly idealTree +-- @angular/tsc-wrapped@0.3.0
42 silly idealTree +-- @ionic/app-scripts@0.0.45
42 silly idealTree +-- @ionic/storage@1.1.6
42 silly idealTree +-- @types/localforage@0.0.30
42 silly idealTree +-- abbrev@1.0.9
42 silly idealTree +-- accepts@1.3.3
42 silly idealTree +-- acorn@1.2.2
42 silly idealTree +-- ajv-keywords@1.1.1
42 silly idealTree +-- ajv@4.9.0
42 silly idealTree +-- align-text@0.1.4
42 silly idealTree +-- amdefine@1.0.1
42 silly idealTree +-- ansi-regex@2.0.0
42 silly idealTree +-- ansi-styles@2.2.1
42 silly idealTree +-- anymatch@1.3.0
42 silly idealTree +-- aproba@1.0.4
42 silly idealTree +-- are-we-there-yet@1.1.2
42 silly idealTree | +-- isarray@1.0.0
42 silly idealTree | `-- readable-stream@2.2.2
42 silly idealTree +-- arr-diff@2.0.0
42 silly idealTree +-- arr-flatten@1.0.1
42 silly idealTree +-- array-find-index@1.0.2
42 silly idealTree +-- array-flatten@1.1.1
42 silly idealTree +-- array-index@1.0.0
42 silly idealTree +-- array-unique@0.2.1
42 silly idealTree +-- arrify@1.0.1
42 silly idealTree +-- asn1.js@4.9.0
42 silly idealTree +-- asn1@0.2.3
42 silly idealTree +-- assert-plus@0.2.0
42 silly idealTree +-- assert@1.4.1
42 silly idealTree +-- ast-types@0.8.15
42 silly idealTree +-- async-each@1.0.1
42 silly idealTree +-- async-foreach@0.1.3
42 silly idealTree +-- async@0.2.10
42 silly idealTree +-- asynckit@0.4.0
42 silly idealTree +-- autoprefixer@6.4.1
42 silly idealTree +-- aws-sign2@0.6.0
42 silly idealTree +-- aws4@1.5.0
42 silly idealTree +-- balanced-match@0.4.2
42 silly idealTree +-- base62@0.1.1
42 silly idealTree +-- base64-js@1.2.0
42 silly idealTree +-- bcrypt-pbkdf@1.0.0
42 silly idealTree +-- big.js@3.1.3
42 silly idealTree +-- binary-extensions@1.7.0
42 silly idealTree +-- block-stream@0.0.9
42 silly idealTree +-- bn.js@4.11.6
42 silly idealTree +-- body@5.1.0
42 silly idealTree +-- boom@2.10.1
42 silly idealTree +-- brace-expansion@1.1.6
42 silly idealTree +-- braces@1.8.5
42 silly idealTree +-- brorand@1.0.6
42 silly idealTree +-- browser-resolve@1.11.2
42 silly idealTree +-- browserify-aes@1.0.6
42 silly idealTree +-- browserify-cipher@1.0.0
42 silly idealTree +-- browserify-des@1.0.0
42 silly idealTree +-- browserify-rsa@4.0.1
42 silly idealTree +-- browserify-sign@4.0.0
42 silly idealTree +-- browserify-zlib@0.1.4
42 silly idealTree +-- browserslist@1.3.6
42 silly idealTree +-- buffer-es6@4.9.3
42 silly idealTree +-- buffer-shims@1.0.0
42 silly idealTree +-- buffer-xor@1.0.3
42 silly idealTree +-- buffer@4.9.1
42 silly idealTree | `-- isarray@1.0.0
42 silly idealTree +-- builtin-modules@1.1.1
42 silly idealTree +-- builtin-status-codes@2.0.0
42 silly idealTree +-- bytes@1.0.0
42 silly idealTree +-- camelcase-keys@2.1.0
42 silly idealTree +-- camelcase@2.1.1
42 silly idealTree +-- caniuse-db@1.0.30000590
42 silly idealTree +-- caseless@0.11.0
42 silly idealTree +-- center-align@0.1.3
42 silly idealTree +-- chalk@1.1.3
42 silly idealTree | `-- supports-color@2.0.0
42 silly idealTree +-- chokidar@1.6.1
42 silly idealTree +-- cipher-base@1.0.3
42 silly idealTree +-- clean-css@3.4.19
42 silly idealTree +-- cliui@3.2.0
42 silly idealTree +-- co@4.6.0
42 silly idealTree +-- code-point-at@1.1.0
42 silly idealTree +-- colors@1.1.2
42 silly idealTree +-- combined-stream@1.0.5
42 silly idealTree +-- commander@2.8.1
42 silly idealTree +-- concat-map@0.0.1
42 silly idealTree +-- console-browserify@1.1.0
42 silly idealTree +-- console-control-strings@1.1.0
42 silly idealTree +-- constants-browserify@1.0.0
42 silly idealTree +-- content-disposition@0.5.1
42 silly idealTree +-- content-type@1.0.2
42 silly idealTree +-- continuable-cache@0.3.1
42 silly idealTree +-- cookie-signature@1.0.6
42 silly idealTree +-- cookie@0.3.1
42 silly idealTree +-- core-util-is@1.0.2
42 silly idealTree +-- create-ecdh@4.0.0
42 silly idealTree +-- create-hash@1.1.2
42 silly idealTree +-- create-hmac@1.1.4
42 silly idealTree +-- cross-spawn@4.0.0
42 silly idealTree +-- cryptiles@2.0.5
42 silly idealTree +-- crypto-browserify@3.11.0
42 silly idealTree +-- currently-unhandled@0.4.1
42 silly idealTree +-- d@0.1.1
42 silly idealTree +-- dashdash@1.14.1
42 silly idealTree | `-- assert-plus@1.0.0
42 silly idealTree +-- date-now@0.1.4
42 silly idealTree +-- debug@2.2.0
42 silly idealTree +-- decamelize@1.2.0
42 silly idealTree +-- delayed-stream@1.0.0
42 silly idealTree +-- delegates@1.0.0
42 silly idealTree +-- depd@1.1.0
42 silly idealTree +-- des.js@1.0.0
42 silly idealTree +-- destroy@1.0.4
42 silly idealTree +-- diff@2.2.3
42 silly idealTree +-- diffie-hellman@5.0.2
42 silly idealTree +-- doctrine@0.7.2
42 silly idealTree +-- domain-browser@1.1.7
42 silly idealTree +-- ecc-jsbn@0.1.1
42 silly idealTree +-- ee-first@1.1.1
42 silly idealTree +-- elliptic@6.3.2
42 silly idealTree +-- emojis-list@2.1.0
42 silly idealTree +-- encodeurl@1.0.1
42 silly idealTree +-- enhanced-resolve@2.3.0
42 silly idealTree +-- errno@0.1.4
42 silly idealTree +-- error-ex@1.3.0
42 silly idealTree +-- error@7.0.2
42 silly idealTree +-- es3ify@0.1.4
42 silly idealTree +-- es5-ext@0.10.12
42 silly idealTree +-- es6-iterator@2.0.0
42 silly idealTree +-- es6-symbol@3.1.0
42 silly idealTree +-- escape-html@1.0.3
42 silly idealTree +-- escape-string-regexp@1.0.5
42 silly idealTree +-- esmangle-evaluator@1.0.1
42 silly idealTree +-- esprima-fb@3001.1.0-dev-harmony-fb
42 silly idealTree +-- estree-walker@0.2.1
42 silly idealTree +-- esutils@1.1.6
42 silly idealTree +-- etag@1.7.0
42 silly idealTree +-- events@1.1.1
42 silly idealTree +-- evp_bytestokey@1.0.0
42 silly idealTree +-- expand-brackets@0.1.5
42 silly idealTree +-- expand-range@1.8.2
42 silly idealTree +-- express@4.14.0
42 silly idealTree +-- extend@3.0.0
42 silly idealTree +-- extglob@0.3.2
42 silly idealTree +-- extsprintf@1.0.2
42 silly idealTree +-- falafel@1.2.0
42 silly idealTree +-- faye-websocket@0.10.0
42 silly idealTree +-- filename-regex@2.0.0
42 silly idealTree +-- fill-range@2.2.3
42 silly idealTree +-- finalhandler@0.5.0
42 silly idealTree +-- find-up@1.1.2
42 silly idealTree +-- findup-sync@0.3.0
42 silly idealTree | `-- glob@5.0.15
42 silly idealTree +-- for-in@0.1.6
42 silly idealTree +-- for-own@0.1.4
42 silly idealTree +-- foreach@2.0.5
42 silly idealTree +-- forever-agent@0.6.1
42 silly idealTree +-- form-data@2.1.2
42 silly idealTree +-- forwarded@0.1.0
42 silly idealTree +-- fresh@0.3.0
42 silly idealTree +-- fs-extra@0.30.0
42 silly idealTree +-- fs.realpath@1.0.0
42 silly idealTree +-- fstream@1.0.10
42 silly idealTree +-- gauge@2.6.0
42 silly idealTree +-- gaze@1.1.2
42 silly idealTree +-- generate-function@2.0.0
42 silly idealTree +-- generate-object-property@1.2.0
42 silly idealTree +-- get-caller-file@1.0.2
42 silly idealTree +-- get-stdin@4.0.1
42 silly idealTree +-- getpass@0.1.6
42 silly idealTree | `-- assert-plus@1.0.0
42 silly idealTree +-- glob-base@0.3.0
42 silly idealTree +-- glob-parent@2.0.0
42 silly idealTree +-- glob@7.1.1
42 silly idealTree +-- globule@1.1.0
42 silly idealTree +-- graceful-fs@4.1.11
42 silly idealTree +-- graceful-readlink@1.0.1
42 silly idealTree +-- har-validator@2.0.6
42 silly idealTree | `-- commander@2.9.0
42 silly idealTree +-- has-ansi@2.0.0
42 silly idealTree +-- has-color@0.1.7
42 silly idealTree +-- has-flag@1.0.0
42 silly idealTree +-- has-unicode@2.0.1
42 silly idealTree +-- hash.js@1.0.3
42 silly idealTree +-- hawk@3.1.3
42 silly idealTree +-- hoek@2.16.3
42 silly idealTree +-- hosted-git-info@2.1.5
42 silly idealTree +-- http-errors@1.5.1
42 silly idealTree +-- http-signature@1.1.1
42 silly idealTree +-- https-browserify@0.0.1
42 silly idealTree +-- ieee754@1.1.8
42 silly idealTree +-- immediate@3.0.6
42 silly idealTree +-- in-publish@2.0.0
42 silly idealTree +-- indent-string@2.1.0
42 silly idealTree +-- indexof@0.0.1
42 silly idealTree +-- inflight@1.0.6
42 silly idealTree +-- inherits@2.0.3
42 silly idealTree +-- inline-process-browser@1.0.0
42 silly idealTree +-- interpret@1.0.1
42 silly idealTree +-- invert-kv@1.0.0
42 silly idealTree +-- ionic-angular@2.0.0-rc.3
42 silly idealTree +-- ionic-native@2.2.3
42 silly idealTree +-- ionicons@3.0.0
42 silly idealTree +-- ipaddr.js@1.1.1
42 silly idealTree +-- is-arrayish@0.2.1
42 silly idealTree +-- is-binary-path@1.0.1
42 silly idealTree +-- is-buffer@1.1.4
42 silly idealTree +-- is-builtin-module@1.0.0
42 silly idealTree +-- is-dotfile@1.0.2
42 silly idealTree +-- is-equal-shallow@0.1.3
42 silly idealTree +-- is-extendable@0.1.1
42 silly idealTree +-- is-extglob@1.0.0
42 silly idealTree +-- is-finite@1.0.2
42 silly idealTree +-- is-fullwidth-code-point@1.0.0
42 silly idealTree +-- is-glob@2.0.1
42 silly idealTree +-- is-my-json-valid@2.15.0
42 silly idealTree +-- is-number@2.1.0
42 silly idealTree +-- is-posix-bracket@0.1.1
42 silly idealTree +-- is-primitive@2.0.0
42 silly idealTree +-- is-property@1.0.2
42 silly idealTree +-- is-typedarray@1.0.0
42 silly idealTree +-- is-utf8@0.2.1
42 silly idealTree +-- isarray@0.0.1
42 silly idealTree +-- isexe@1.1.2
42 silly idealTree +-- isobject@2.1.0
42 silly idealTree | `-- isarray@1.0.0
42 silly idealTree +-- isstream@0.1.2
42 silly idealTree +-- jodid25519@1.0.2
42 silly idealTree +-- js-base64@2.1.9
42 silly idealTree +-- jsbn@0.1.0
42 silly idealTree +-- json-loader@0.5.4
42 silly idealTree +-- json-schema@0.2.3
42 silly idealTree +-- json-stable-stringify@1.0.1
42 silly idealTree +-- json-stringify-safe@5.0.1
42 silly idealTree +-- json5@0.5.1
42 silly idealTree +-- jsonfile@2.4.0
42 silly idealTree +-- jsonify@0.0.0
42 silly idealTree +-- jsonpointer@4.0.0
42 silly idealTree +-- jsprim@1.3.1
42 silly idealTree +-- jstransform@3.0.0
42 silly idealTree | `-- source-map@0.1.31
42 silly idealTree +-- kind-of@3.0.4
42 silly idealTree +-- klaw@1.3.1
42 silly idealTree +-- lazy-cache@1.0.4
42 silly idealTree +-- lcid@1.0.0
42 silly idealTree +-- lie@3.0.2
42 silly idealTree +-- livereload-js@2.2.2
42 silly idealTree +-- load-json-file@1.1.0
42 silly idealTree +-- loader-runner@2.2.0
42 silly idealTree +-- loader-utils@0.2.16
42 silly idealTree +-- localforage-cordovasqlitedriver@1.5.0
42 silly idealTree +-- localforage@1.4.3
42 silly idealTree +-- lodash.assign@4.2.0
42 silly idealTree +-- lodash.clonedeep@4.5.0
42 silly idealTree +-- lodash@4.16.6
42 silly idealTree +-- longest@1.0.1
42 silly idealTree +-- loud-rejection@1.6.0
42 silly idealTree +-- lru-cache@4.0.2
42 silly idealTree +-- macos-release@1.0.0
42 silly idealTree +-- magic-string@0.16.0
42 silly idealTree +-- map-obj@1.0.1
42 silly idealTree +-- media-typer@0.3.0
42 silly idealTree +-- memory-fs@0.3.0
42 silly idealTree | +-- isarray@1.0.0
42 silly idealTree | `-- readable-stream@2.2.2
42 silly idealTree +-- meow@3.7.0
42 silly idealTree +-- merge-descriptors@1.0.1
42 silly idealTree +-- methods@1.1.2
42 silly idealTree +-- micromatch@2.3.11
42 silly idealTree +-- miller-rabin@4.0.0
42 silly idealTree +-- mime-db@1.25.0
42 silly idealTree +-- mime-types@2.1.13
42 silly idealTree +-- mime@1.3.4
42 silly idealTree +-- minimalistic-assert@1.0.0
42 silly idealTree +-- minimatch@3.0.3
42 silly idealTree +-- minimist@1.2.0
42 silly idealTree +-- mkdirp@0.5.1
42 silly idealTree | `-- minimist@0.0.8
42 silly idealTree +-- ms@0.7.1
42 silly idealTree +-- nan@2.4.0
42 silly idealTree +-- negotiator@0.6.1
42 silly idealTree +-- node-gyp@3.4.0
42 silly idealTree | `-- npmlog@3.1.2
42 silly idealTree +-- node-libs-browser@1.1.1
42 silly idealTree | +-- isarray@1.0.0
42 silly idealTree | `-- readable-stream@2.2.2
42 silly idealTree +-- node-sass@3.10.1
42 silly idealTree | `-- cross-spawn@3.0.1
42 silly idealTree +-- nopt@3.0.6
42 silly idealTree +-- normalize-package-data@2.3.5
42 silly idealTree +-- normalize-path@2.0.1
42 silly idealTree +-- normalize-range@0.1.2
42 silly idealTree +-- npmlog@4.0.1
42 silly idealTree | `-- gauge@2.7.1
42 silly idealTree +-- num2fraction@1.2.2
42 silly idealTree +-- number-is-nan@1.0.1
42 silly idealTree +-- oauth-sign@0.8.2
42 silly idealTree +-- object-assign@4.1.0
42 silly idealTree +-- object-keys@1.0.11
42 silly idealTree +-- object.omit@2.0.1
42 silly idealTree +-- on-finished@2.3.0
42 silly idealTree +-- once@1.4.0
42 silly idealTree +-- optimist@0.6.1
42 silly idealTree | `-- minimist@0.0.10
42 silly idealTree +-- options@0.0.6
42 silly idealTree +-- os-browserify@0.2.1
42 silly idealTree +-- os-homedir@1.0.2
42 silly idealTree +-- os-locale@1.4.0
42 silly idealTree +-- os-name@2.0.1
42 silly idealTree +-- os-tmpdir@1.0.2
42 silly idealTree +-- osenv@0.1.3
42 silly idealTree +-- pako@0.2.9
42 silly idealTree +-- parse-asn1@5.0.0
42 silly idealTree +-- parse-glob@3.0.4
42 silly idealTree +-- parse-json@2.2.0
42 silly idealTree +-- parse5@2.2.3
42 silly idealTree +-- parseurl@1.3.1
42 silly idealTree +-- path-array@1.0.1
42 silly idealTree +-- path-browserify@0.0.0
42 silly idealTree +-- path-exists@2.1.0
42 silly idealTree +-- path-is-absolute@1.0.1
42 silly idealTree +-- path-to-regexp@0.1.7
42 silly idealTree +-- path-type@1.1.0
42 silly idealTree +-- pbkdf2@3.0.9
42 silly idealTree +-- pify@2.3.0
42 silly idealTree +-- pinkie-promise@2.0.1
42 silly idealTree +-- pinkie@2.0.4
42 silly idealTree +-- postcss-value-parser@3.3.0
42 silly idealTree +-- postcss@5.2.0
42 silly idealTree | `-- source-map@0.5.6
42 silly idealTree +-- preserve@0.2.0
42 silly idealTree +-- private@0.1.6
42 silly idealTree +-- process-es6@0.11.6
42 silly idealTree +-- process-nextick-args@1.0.7
42 silly idealTree +-- process@0.11.9
42 silly idealTree +-- proxy-addr@1.1.2
42 silly idealTree +-- proxy-middleware@0.15.0
42 silly idealTree +-- prr@0.0.0
42 silly idealTree +-- pseudomap@1.0.2
42 silly idealTree +-- public-encrypt@4.0.0
42 silly idealTree +-- punycode@1.4.1
42 silly idealTree +-- qs@6.2.0
42 silly idealTree +-- querystring-es3@0.2.1
42 silly idealTree +-- querystring@0.2.0
42 silly idealTree +-- randomatic@1.1.6
42 silly idealTree +-- randombytes@2.0.3
42 silly idealTree +-- range-parser@1.2.0
42 silly idealTree +-- raw-body@1.1.7
42 silly idealTree +-- read-pkg-up@1.0.1
42 silly idealTree +-- read-pkg@1.1.0
42 silly idealTree +-- readable-stream@1.0.34
42 silly idealTree +-- readdirp@2.1.0
42 silly idealTree | +-- isarray@1.0.0
42 silly idealTree | `-- readable-stream@2.2.2
42 silly idealTree +-- recast@0.10.43
42 silly idealTree | +-- esprima-fb@15001.1001.0-dev-harmony-fb
42 silly idealTree | `-- source-map@0.5.6
42 silly idealTree +-- redent@1.0.0
42 silly idealTree +-- reflect-metadata@0.1.8
42 silly idealTree +-- regex-cache@0.4.3
42 silly idealTree +-- repeat-element@1.1.2
42 silly idealTree +-- repeat-string@1.6.1
42 silly idealTree +-- repeating@2.0.1
42 silly idealTree +-- request@2.79.0
42 silly idealTree | `-- qs@6.3.0
42 silly idealTree +-- require-directory@2.1.1
42 silly idealTree +-- require-main-filename@1.0.1
42 silly idealTree +-- resolve@1.1.7
42 silly idealTree +-- right-align@0.1.3
42 silly idealTree +-- rimraf@2.5.4
42 silly idealTree +-- ripemd160@1.0.1
42 silly idealTree +-- rollup-plugin-commonjs@5.0.4
42 silly idealTree | `-- acorn@4.0.3
42 silly idealTree +-- rollup-plugin-json@2.0.2
42 silly idealTree +-- rollup-plugin-node-builtins@2.0.0
42 silly idealTree +-- rollup-plugin-node-globals@1.0.9
42 silly idealTree | `-- acorn@4.0.3
42 silly idealTree +-- rollup-plugin-node-resolve@2.0.0
42 silly idealTree +-- rollup-pluginutils@1.5.2
42 silly idealTree +-- rollup@0.36.3
42 silly idealTree | +-- source-map-support@0.4.6
42 silly idealTree | `-- source-map@0.5.6
42 silly idealTree +-- rxjs@5.0.0-beta.12
42 silly idealTree +-- safe-json-parse@1.0.1
42 silly idealTree +-- sass-graph@2.1.2
42 silly idealTree +-- semver@5.3.0
42 silly idealTree +-- send@0.14.1
42 silly idealTree +-- serve-static@1.11.1
42 silly idealTree +-- set-blocking@2.0.0
42 silly idealTree +-- set-immediate-shim@1.0.1
42 silly idealTree +-- setprototypeof@1.0.2
42 silly idealTree +-- sha.js@2.4.8
42 silly idealTree +-- signal-exit@3.0.1
42 silly idealTree +-- sntp@1.0.9
42 silly idealTree +-- source-list-map@0.1.7
42 silly idealTree +-- source-map-support@0.3.3
42 silly idealTree | `-- source-map@0.1.32
42 silly idealTree +-- source-map@0.4.4
42 silly idealTree +-- spdx-correct@1.0.2
42 silly idealTree +-- spdx-expression-parse@1.0.4
42 silly idealTree +-- spdx-license-ids@1.2.2
42 silly idealTree +-- sprintf-js@1.0.3
42 silly idealTree +-- sshpk@1.10.1
42 silly idealTree | `-- assert-plus@1.0.0
42 silly idealTree +-- statuses@1.3.1
42 silly idealTree +-- stream-browserify@2.0.1
42 silly idealTree | +-- isarray@1.0.0
42 silly idealTree | `-- readable-stream@2.2.2
42 silly idealTree +-- stream-http@2.5.0
42 silly idealTree | +-- isarray@1.0.0
42 silly idealTree | `-- readable-stream@2.2.2
42 silly idealTree +-- string_decoder@0.10.31
42 silly idealTree +-- string-template@0.2.1
42 silly idealTree +-- string-width@1.0.2
42 silly idealTree +-- stringstream@0.0.5
42 silly idealTree +-- strip-ansi@3.0.1
42 silly idealTree +-- strip-bom@2.0.0
42 silly idealTree +-- strip-indent@1.0.1
42 silly idealTree +-- supports-color@3.1.2
42 silly idealTree +-- symbol-observable@1.0.4
42 silly idealTree +-- tapable@0.2.4
42 silly idealTree +-- tar@2.2.1
42 silly idealTree +-- through@2.3.8
42 silly idealTree +-- through2@0.6.5
42 silly idealTree +-- timers-browserify@1.4.2
42 silly idealTree +-- tiny-lr@1.0.3
42 silly idealTree +-- to-arraybuffer@1.0.1
42 silly idealTree +-- tough-cookie@2.3.2
42 silly idealTree +-- trim-newlines@1.0.0
42 silly idealTree +-- tsickle@0.1.7
42 silly idealTree +-- tslint-eslint-rules@1.5.0
42 silly idealTree +-- tslint@3.15.1
42 silly idealTree +-- tty-browserify@0.0.0
42 silly idealTree +-- tunnel-agent@0.4.3
42 silly idealTree +-- tweetnacl@0.14.3
42 silly idealTree +-- type-is@1.6.14
42 silly idealTree +-- typescript@2.0.6
42 silly idealTree +-- uglify-js@2.7.3
42 silly idealTree | +-- camelcase@1.2.1
42 silly idealTree | +-- cliui@2.1.0
42 silly idealTree | +-- source-map@0.5.6
42 silly idealTree | +-- window-size@0.1.0
42 silly idealTree | +-- wordwrap@0.0.2
42 silly idealTree | `-- yargs@3.10.0
42 silly idealTree +-- uglify-to-browserify@1.0.2
42 silly idealTree +-- ultron@1.0.2
42 silly idealTree +-- underscore.string@3.3.4
42 silly idealTree +-- unpipe@1.0.0
42 silly idealTree +-- unreachable-branch-transform@0.3.0
42 silly idealTree +-- url@0.11.0
42 silly idealTree | `-- punycode@1.3.2
42 silly idealTree +-- util-deprecate@1.0.2
42 silly idealTree +-- util@0.10.3
42 silly idealTree | `-- inherits@2.0.1
42 silly idealTree +-- utils-merge@1.0.0
42 silly idealTree +-- uuid@3.0.1
42 silly idealTree +-- validate-npm-package-license@3.0.1
42 silly idealTree +-- vary@1.1.0
42 silly idealTree +-- verror@1.3.6
42 silly idealTree +-- vlq@0.2.1
42 silly idealTree +-- vm-browserify@0.0.4
42 silly idealTree +-- watchpack@1.1.0
42 silly idealTree | `-- async@2.0.0-rc.4
42 silly idealTree +-- webpack-sources@0.1.3
42 silly idealTree | `-- source-map@0.5.6
42 silly idealTree +-- webpack@2.1.0-beta.27
42 silly idealTree | +-- acorn@4.0.3
42 silly idealTree | +-- async@2.1.4
42 silly idealTree | +-- camelcase@3.0.0
42 silly idealTree | +-- source-map@0.5.6
42 silly idealTree | +-- yargs-parser@4.2.0
42 silly idealTree | `-- yargs@6.5.0
42 silly idealTree +-- websocket-driver@0.6.5
42 silly idealTree +-- websocket-extensions@0.1.1
42 silly idealTree +-- which-module@1.0.0
42 silly idealTree +-- which@1.2.12
42 silly idealTree +-- wide-align@1.1.0
42 silly idealTree +-- win-release@1.1.1
42 silly idealTree +-- window-size@0.2.0
42 silly idealTree +-- wordwrap@0.0.3
42 silly idealTree +-- wrap-ansi@2.1.0
42 silly idealTree +-- wrappy@1.0.2
42 silly idealTree +-- ws@1.1.1
42 silly idealTree +-- xtend@4.0.1
42 silly idealTree +-- y18n@3.2.1
42 silly idealTree +-- yallist@2.0.0
42 silly idealTree +-- yargs-parser@2.4.1
42 silly idealTree | `-- camelcase@3.0.0
42 silly idealTree +-- yargs@4.8.1
42 silly idealTree `-- zone.js@0.6.26
43 silly generateActionsToTake Starting
44 silly install generateActionsToTake
45 silly generateActionsToTake Finishing
46 silly diffTrees action count 0
47 silly decomposeActions action count 0
48 silly executeActions Starting
49 silly install executeActions
50 silly doSerial global-install 0
51 silly doParallel fetch 0
52 verbose lock using /home/rs/.npm/_locks/staging-b33bfd0be8fb6a05.lock for /home/rs/host/projects/src/sangamsoftech/formulabook/node_modules/.staging
53 verbose unlock done using /home/rs/.npm/_locks/staging-b33bfd0be8fb6a05.lock for /home/rs/host/projects/src/sangamsoftech/formulabook/node_modules/.staging
54 silly rollbackFailedOptional Starting
55 silly rollbackFailedOptional Finishing
56 silly runTopLevelLifecycles Starting
57 silly runTopLevelLifecycles Finishing
58 silly install printInstalled
59 warn ENOENT ENOENT: no such file or directory, open '/home/rs/host/projects/src/sangamsoftech/formulabook/package.json'
60 warn EPACKAGEJSON formulabook No description
61 warn EPACKAGEJSON formulabook No repository field.
62 warn EPACKAGEJSON formulabook No README data
63 warn EPACKAGEJSON formulabook No license field.
64 verbose stack Error: EACCES: permission denied, mkdir '/home/rs/host/projects/src/sangamsoftech/formulabook/node_modules/.staging'
64 verbose stack     at Error (native)
65 verbose cwd /home/rs/host/projects/src/sangamsoftech/formulabook
66 error Linux 4.4.0-38-generic
67 error argv "/usr/local/bin/node" "/usr/local/bin/npm" "install"
68 error node v5.4.1
69 error npm  v3.3.12
70 error path /home/rs/host/projects/src/sangamsoftech/formulabook/node_modules/.staging
71 error code EACCES
72 error errno -13
73 error syscall mkdir
74 error Error: EACCES: permission denied, mkdir '/home/rs/host/projects/src/sangamsoftech/formulabook/node_modules/.staging'
74 error     at Error (native)
74 error  { [Error: EACCES: permission denied, mkdir '/home/rs/host/projects/src/sangamsoftech/formulabook/node_modules/.staging']
74 error   errno: -13,
74 error   code: 'EACCES',
74 error   syscall: 'mkdir',
74 error   path: '/home/rs/host/projects/src/sangamsoftech/formulabook/node_modules/.staging' }
75 error Please try running this command again as root/Administrator.
76 verbose exit [ -13, true ]
