0 info it worked if it ends with ok
1 verbose cli [ '/usr/bin/nodejs', '/usr/bin/npm', 'run', 'watch', '--color' ]
2 info using npm@3.8.6
3 info using node@v5.12.0
4 verbose run-script [ 'prewatch', 'watch', 'postwatch' ]
5 info lifecycle ionic-app-base@~prewatch: ionic-app-base@
6 silly lifecycle ionic-app-base@~prewatch: no script for prewatch, continuing
7 info lifecycle ionic-app-base@~watch: ionic-app-base@
8 verbose lifecycle ionic-app-base@~watch: unsafe-perm in lifecycle true
9 verbose lifecycle ionic-app-base@~watch: PATH: /usr/lib/node_modules/npm/bin/node-gyp-bin:/projects/node_modules/.bin:/usr/bin:/usr/local/heroku/bin:/usr/local/heroku/bin:/usr/local/sbin:/usr/local/bin:/usr/sbin:/usr/bin:/sbin:/bin:/usr/games:/usr/local/games:/opt/sdks/jdk1.8.0_102/bin:/opt/sdks/gradle-2.2.1/bin
10 verbose lifecycle ionic-app-base@~watch: CWD: /projects
11 silly lifecycle ionic-app-base@~watch: Args: [ '-c', 'ionic-app-scripts watch' ]
12 silly lifecycle ionic-app-base@~watch: Returned: code: 134  signal: null
13 info lifecycle ionic-app-base@~watch: Failed to exec watch script
14 verbose stack Error: ionic-app-base@ watch: `ionic-app-scripts watch`
14 verbose stack Exit status 134
14 verbose stack     at EventEmitter.<anonymous> (/usr/lib/node_modules/npm/lib/utils/lifecycle.js:239:16)
14 verbose stack     at emitTwo (events.js:100:13)
14 verbose stack     at EventEmitter.emit (events.js:185:7)
14 verbose stack     at ChildProcess.<anonymous> (/usr/lib/node_modules/npm/lib/utils/spawn.js:24:14)
14 verbose stack     at emitTwo (events.js:100:13)
14 verbose stack     at ChildProcess.emit (events.js:185:7)
14 verbose stack     at maybeClose (internal/child_process.js:850:16)
14 verbose stack     at Process.ChildProcess._handle.onexit (internal/child_process.js:215:5)
15 verbose pkgid ionic-app-base@
16 verbose cwd /projects
17 error Linux 4.4.0-38-generic
18 error argv "/usr/bin/nodejs" "/usr/bin/npm" "run" "watch" "--color"
19 error node v5.12.0
20 error npm  v3.8.6
21 error code ELIFECYCLE
22 error ionic-app-base@ watch: `ionic-app-scripts watch`
22 error Exit status 134
23 error Failed at the ionic-app-base@ watch script 'ionic-app-scripts watch'.
23 error Make sure you have the latest version of node.js and npm installed.
23 error If you do, this is most likely a problem with the ionic-app-base package,
23 error not with npm itself.
23 error Tell the author that this fails on your system:
23 error     ionic-app-scripts watch
23 error You can get information on how to open an issue for this project with:
23 error     npm bugs ionic-app-base
23 error Or if that isn't available, you can get their info via:
23 error     npm owner ls ionic-app-base
23 error There is likely additional logging output above.
24 verbose exit [ 1, true ]
